[main e2fde9a] Auto-sync: 2025-07-15 13:23:08
 2 files changed, 20 insertions(+)
 create mode 100755 auto-git-sync.sh
 create mode 100644 nohup.out
To https://github.com/deanpain/africa-renaissance-design-forge.git
   924a88e..e2fde9a  main -> main
[main e522539] Auto-sync: 2025-07-15 13:28:10
 1 file changed, 6 insertions(+)
To https://github.com/deanpain/africa-renaissance-design-forge.git
   e2fde9a..e522539  main -> main
[main 877d6e3] Auto-sync: 2025-07-15 13:33:15
 1 file changed, 4 insertions(+)
To https://github.com/deanpain/africa-renaissance-design-forge.git
   e522539..877d6e3  main -> main
[main 54098b1] Auto-sync: 2025-07-15 13:38:17
 1 file changed, 4 insertions(+)
To https://github.com/deanpain/africa-renaissance-design-forge.git
   877d6e3..54098b1  main -> main
[main f7a34ad] Auto-sync: 2025-07-15 13:43:22
 1 file changed, 4 insertions(+)
To https://github.com/deanpain/africa-renaissance-design-forge.git
   54098b1..f7a34ad  main -> main
[main b444654] Auto-sync: 2025-07-15 13:48:24
 1 file changed, 4 insertions(+)
To https://github.com/deanpain/africa-renaissance-design-forge.git
   f7a34ad..b444654  main -> main
[main d3d821f] Auto-sync: 2025-07-15 13:53:25
 1 file changed, 4 insertions(+)
To https://github.com/deanpain/africa-renaissance-design-forge.git
   b444654..d3d821f  main -> main
[main a945def] Auto-sync: 2025-07-15 13:58:31
 1 file changed, 4 insertions(+)
To https://github.com/deanpain/africa-renaissance-design-forge.git
   d3d821f..a945def  main -> main
[main 9234db1] Auto-sync: 2025-07-15 14:03:36
 1 file changed, 4 insertions(+)
To https://github.com/deanpain/africa-renaissance-design-forge.git
   a945def..9234db1  main -> main
[main 02cea62] Auto-sync: 2025-07-15 14:08:38
 1 file changed, 4 insertions(+)
To https://github.com/deanpain/africa-renaissance-design-forge.git
   9234db1..02cea62  main -> main
[main 463842e] Auto-sync: 2025-07-15 14:13:44
 1 file changed, 4 insertions(+)
To https://github.com/deanpain/africa-renaissance-design-forge.git
   02cea62..463842e  main -> main
[main c0fe71f] Auto-sync: 2025-07-15 14:18:48
 1 file changed, 4 insertions(+)
To https://github.com/deanpain/africa-renaissance-design-forge.git
   463842e..c0fe71f  main -> main
[main 141ae40] Auto-sync: 2025-07-15 14:23:54
 1 file changed, 4 insertions(+)
To https://github.com/deanpain/africa-renaissance-design-forge.git
   c0fe71f..141ae40  main -> main
[main 9b33145] Auto-sync: 2025-07-15 14:28:59
 1 file changed, 4 insertions(+)
To https://github.com/deanpain/africa-renaissance-design-forge.git
   141ae40..9b33145  main -> main
[main f0eef5b] Auto-sync: 2025-07-15 14:34:04
 1 file changed, 4 insertions(+)
To https://github.com/deanpain/africa-renaissance-design-forge.git
   9b33145..f0eef5b  main -> main
[main 05f458f] Auto-sync: 2025-07-15 14:39:07
 1 file changed, 4 insertions(+)
To https://github.com/deanpain/africa-renaissance-design-forge.git
   f0eef5b..05f458f  main -> main
[main 3c74fe9] Auto-sync: 2025-07-15 14:44:11
 1 file changed, 4 insertions(+)
To https://github.com/deanpain/africa-renaissance-design-forge.git
   05f458f..3c74fe9  main -> main
[main d75f422] Auto-sync: 2025-07-15 14:49:18
 1 file changed, 4 insertions(+)
To https://github.com/deanpain/africa-renaissance-design-forge.git
   3c74fe9..d75f422  main -> main
[main e25bcb3] Auto-sync: 2025-07-15 14:54:21
 1 file changed, 4 insertions(+)
To https://github.com/deanpain/africa-renaissance-design-forge.git
   d75f422..e25bcb3  main -> main
[main c4219a2] Auto-sync: 2025-07-15 14:59:24
 1 file changed, 4 insertions(+)
To https://github.com/deanpain/africa-renaissance-design-forge.git
   e25bcb3..c4219a2  main -> main
[main 32dd20b] Auto-sync: 2025-07-15 15:04:26
 1 file changed, 4 insertions(+)
To https://github.com/deanpain/africa-renaissance-design-forge.git
   c4219a2..32dd20b  main -> main
[main 7aa727f] Auto-sync: 2025-07-15 15:09:28
 1 file changed, 4 insertions(+)
To https://github.com/deanpain/africa-renaissance-design-forge.git
   32dd20b..7aa727f  main -> main
[main e77d69e] Auto-sync: 2025-07-15 15:14:35
 1 file changed, 4 insertions(+)
To https://github.com/deanpain/africa-renaissance-design-forge.git
   7aa727f..e77d69e  main -> main
[main 21195c9] Auto-sync: 2025-07-15 15:19:37
 1 file changed, 4 insertions(+)
To https://github.com/deanpain/africa-renaissance-design-forge.git
   e77d69e..21195c9  main -> main
[main ee23490] Auto-sync: 2025-07-15 15:24:42
 1 file changed, 4 insertions(+)
To https://github.com/deanpain/africa-renaissance-design-forge.git
   21195c9..ee23490  main -> main
[main 32d8e0c] Auto-sync: 2025-07-15 15:29:44
 1 file changed, 4 insertions(+)
To https://github.com/deanpain/africa-renaissance-design-forge.git
   ee23490..32d8e0c  main -> main
[main 45996d7] Auto-sync: 2025-07-15 15:34:47
 1 file changed, 4 insertions(+)
To https://github.com/deanpain/africa-renaissance-design-forge.git
   32d8e0c..45996d7  main -> main
[main 48274f0] Auto-sync: 2025-07-15 15:39:52
 1 file changed, 4 insertions(+)
To https://github.com/deanpain/africa-renaissance-design-forge.git
   45996d7..48274f0  main -> main
[main 0574713] Auto-sync: 2025-07-15 15:44:55
 1 file changed, 4 insertions(+)
To https://github.com/deanpain/africa-renaissance-design-forge.git
   48274f0..0574713  main -> main
